-------------------------------------------------------------------------------
Test set: sk.stuba.fei.uim.vsa.pr1.TeacherTest
-------------------------------------------------------------------------------
Tests run: 1, Failures: 1, Errors: 0, Skipped: 0, Time elapsed: 0.026 s <<< FAILURE! - in sk.stuba.fei.uim.vsa.pr1.TeacherTest
sk.stuba.fei.uim.vsa.pr1.TeacherTest  Time elapsed: 0.026 s  <<< FAILURE!
org.opentest4j.AssertionFailedError: expected: not <null>
	at sk.stuba.fei.uim.vsa.pr1.TeacherTest.setup(TeacherTest.java:35)

---------------------------------------------------------------------
 
-------------------------------------------------------------------------------
Test set: sk.stuba.fei.uim.vsa.pr1.ThesisTest
-------------------------------------------------------------------------------
Tests run: 1, Failures: 1, Errors: 0, Skipped: 0, Time elapsed: 0.033 s <<< FAILURE! - in sk.stuba.fei.uim.vsa.pr1.ThesisTest
sk.stuba.fei.uim.vsa.pr1.ThesisTest  Time elapsed: 0.032 s  <<< FAILURE!
org.opentest4j.AssertionFailedError: expected: not <null>
	at sk.stuba.fei.uim.vsa.pr1.ThesisTest.setup(ThesisTest.java:40)

---------------------------------------------------------------------
 
-------------------------------------------------------------------------------
Test set: sk.stuba.fei.uim.vsa.pr1.SanityCheckTest
-------------------------------------------------------------------------------
Tests run: 1, Failures: 1, Errors: 0, Skipped: 0, Time elapsed: 0.594 s <<< FAILURE! - in sk.stuba.fei.uim.vsa.pr1.SanityCheckTest
sk.stuba.fei.uim.vsa.pr1.SanityCheckTest  Time elapsed: 0.594 s  <<< FAILURE!
org.opentest4j.AssertionFailedError: expected: not <null>
	at sk.stuba.fei.uim.vsa.pr1.SanityCheckTest.setup(SanityCheckTest.java:38)

---------------------------------------------------------------------
 
-------------------------------------------------------------------------------
Test set: sk.stuba.fei.uim.vsa.pr1.StudentTest
-------------------------------------------------------------------------------
Tests run: 1, Failures: 1, Errors: 0, Skipped: 0, Time elapsed: 0.026 s <<< FAILURE! - in sk.stuba.fei.uim.vsa.pr1.StudentTest
sk.stuba.fei.uim.vsa.pr1.StudentTest  Time elapsed: 0.026 s  <<< FAILURE!
org.opentest4j.AssertionFailedError: expected: not <null>
	at sk.stuba.fei.uim.vsa.pr1.StudentTest.setup(StudentTest.java:36)

---------------------------------------------------------------------
 
