-------------------------------------------------------------------------------
Test set: sk.stuba.fei.uim.vsa.pr1.TeacherTest
-------------------------------------------------------------------------------
Tests run: 6, Failures: 0, Errors: 0, Skipped: 0, Time elapsed: 1.037 s - in sk.stuba.fei.uim.vsa.pr1.TeacherTest
---------------------------------------------------------------------
 
-------------------------------------------------------------------------------
Test set: sk.stuba.fei.uim.vsa.pr1.ThesisTest
-------------------------------------------------------------------------------
Tests run: 11, Failures: 3, Errors: 0, Skipped: 0, Time elapsed: 1.47 s <<< FAILURE! - in sk.stuba.fei.uim.vsa.pr1.ThesisTest
TH07_shouldGetThesisByStudent  Time elapsed: 0.02 s  <<< FAILURE!
org.opentest4j.AssertionFailedError: expected: not <null>
	at sk.stuba.fei.uim.vsa.pr1.ThesisTest.TH07_shouldGetThesisByStudent(ThesisTest.java:249)

TH06_shouldGetAllThesesByTeacher  Time elapsed: 0.039 s  <<< FAILURE!
org.opentest4j.AssertionFailedError: expected: not <null>
	at sk.stuba.fei.uim.vsa.pr1.ThesisTest.TH06_shouldGetAllThesesByTeacher(ThesisTest.java:219)

TH01_shouldCreateThesisAssignment  Time elapsed: 0.061 s  <<< FAILURE!
org.opentest4j.AssertionFailedError: expected: not <null>
	at sk.stuba.fei.uim.vsa.pr1.ThesisTest.TH01_shouldCreateThesisAssignment(ThesisTest.java:72)

---------------------------------------------------------------------
 
-------------------------------------------------------------------------------
Test set: sk.stuba.fei.uim.vsa.pr1.SanityCheckTest
-------------------------------------------------------------------------------
Tests run: 3, Failures: 0, Errors: 0, Skipped: 0, Time elapsed: 2.035 s - in sk.stuba.fei.uim.vsa.pr1.SanityCheckTest
---------------------------------------------------------------------
 
-------------------------------------------------------------------------------
Test set: sk.stuba.fei.uim.vsa.pr1.StudentTest
-------------------------------------------------------------------------------
Tests run: 6, Failures: 0, Errors: 0, Skipped: 0, Time elapsed: 1.05 s - in sk.stuba.fei.uim.vsa.pr1.StudentTest
---------------------------------------------------------------------
 
